2017-09-03 15:36:20,995 [ERROR] nieznalezione: Nie znaleziono
2017-09-03 15:38:35,628 [ERROR] nieznalezione: Nie znaleziono: psdofsdpf  1
2017-09-03 15:40:04,207 [ERROR] nieznalezione: Nie znaleziono:|psdofsdpf||1
2017-09-03 15:40:07,204 [INFO] nieznalezione: Wiecej ni¿ jeden adres:|poz||1
2017-09-03 15:40:14,953 [INFO] nieznalezione: Wiecej ni¿ jeden adres:|poz||1
2017-09-03 15:43:54,004 [INFO] geologger: Wiecej ni¿ jeden adres:|pozn||46/
2017-09-03 16:46:40,804 [INFO] geologger: Wiecej ni¿ jeden adres:|pozn|marci|46
2017-09-03 17:33:11,977 [INFO] geologger: Wiecej ni¿ jeden adres:|trzem|koper|18
2017-09-03 17:33:15,130 [INFO] geologger: Wiecej ni¿ jeden adres:|trzem|koper|18
2017-09-03 17:33:27,497 [INFO] geologger: Wiecej ni¿ jeden adres:|trzem|kopern|18
2017-09-03 17:54:14,931 [INFO] geologger: Wiecej ni¿ jeden adres:|pozn|marcin|46
2017-09-03 17:57:27,782 [INFO] geologger: Wiecej ni¿ jeden adres:|pozn|mar|4
2017-09-03 17:57:32,917 [INFO] geologger: Wiecej ni¿ jeden adres:|pozn|mar|46
2017-09-03 17:57:37,283 [INFO] geologger: Wiecej ni¿ jeden adres:|pozn|mar|46
2017-09-03 17:57:43,540 [INFO] geologger: Wiecej ni¿ jeden adres:|pozn|mar|46
2017-09-03 17:57:53,734 [INFO] geologger: Wiecej ni¿ jeden adres:|pozn|marcin|46
2017-09-03 18:18:45,553 [INFO] geologger: Wiecej ni¿ jeden adres:|pozn|a|1
2017-09-03 18:18:59,331 [INFO] geologger: Wiecej ni¿ jeden adres:|pozn|marc|1
2017-09-03 18:19:01,462 [INFO] geologger: Wiecej ni¿ jeden adres:|pozn|marc|1
2017-09-03 18:19:06,092 [INFO] geologger: Wiecej ni¿ jeden adres:|pozn|marc|1
2017-09-03 18:23:17,918 [INFO] geologger: Wiecej ni¿ jeden adres:|pozn|bukow|19
2017-09-03 18:25:44,380 [INFO] geologger: Wiecej ni¿ jeden adres:|pozn|buko|19
2017-09-03 18:35:15,390 [INFO] geologger: Wiecej ni¿ jeden adres:|pozn|marci|52
2017-09-03 19:00:42,707 [INFO] geologger: Wiecej ni¿ jeden adres:|rawi|mickiew|2
2017-09-03 19:14:10,214 [ERROR] geologger: Nie znaleziono:|bacho|pol|1
2017-09-03 19:14:21,016 [ERROR] geologger: Nie znaleziono:|bacho|pol|1
2017-09-03 19:14:21,288 [ERROR] geologger: Nie znaleziono:|bacho|pol|1
2017-09-03 19:29:59,775 [ERROR] geologger: Nie znaleziono:|bacho|leœna|17
2017-09-03 19:56:06,981 [ERROR] geologger: Nie znaleziono:|pozn|bukow |20
2017-09-03 19:57:54,258 [ERROR] geologger: Nie znaleziono:|pozn|bukow |20
2017-09-03 19:58:13,627 [ERROR] geologger: Nie znaleziono:|pozn|bukow |20
2017-09-03 19:58:31,027 [INFO] geologger: Wiecej ni¿ jeden adres:|pozn|bukow|19
2017-09-03 19:58:49,321 [ERROR] geologger: Nie znaleziono:|pozn|bukow|22
2017-09-03 19:59:20,612 [ERROR] geologger: Nie znaleziono:|bachorz|bukow|22
2017-09-03 19:59:32,069 [ERROR] geologger: Nie znaleziono:|bachorz|a|1
2017-09-03 19:59:40,216 [ERROR] geologger: Nie znaleziono:|bachorz|pol|1
2017-09-03 19:59:44,837 [ERROR] geologger: Nie znaleziono:|bachorz|polna|1
2017-09-03 20:00:22,142 [INFO] geologger: Wiecej ni¿ jeden adres:|pozn|koœciu|1
2017-09-03 20:00:31,614 [INFO] geologger: Wiecej ni¿ jeden adres:|pozn|koœciu|101
2017-09-03 20:00:35,588 [INFO] geologger: Wiecej ni¿ jeden adres:|pozn|koœciu|10
2017-09-03 20:00:54,538 [INFO] geologger: Wiecej ni¿ jeden adres:|pozn|koœciu|112
2017-09-03 20:00:58,599 [ERROR] geologger: Nie znaleziono:|pozn|koœciu|120
2017-09-03 20:01:46,545 [ERROR] geologger: Nie znaleziono:|pozn|koœciu|119
2017-09-03 20:02:24,522 [ERROR] geologger: Nie znaleziono:|pozn|koœciu|116
2017-09-03 20:02:29,066 [ERROR] geologger: Nie znaleziono:|pozn|koœciu|115
2017-09-03 20:02:41,701 [INFO] geologger: Wiecej ni¿ jeden adres:|pozn|bukowsk|20
2017-09-03 20:02:45,908 [INFO] geologger: Wiecej ni¿ jeden adres:|pozn|bukowsk|25
2017-09-03 20:02:50,974 [INFO] geologger: Wiecej ni¿ jeden adres:|pozn|bukowsk|24
2017-09-03 20:06:49,167 [INFO] geologger: Wiecej ni¿ jeden adres:|murow|pol|1
2017-09-03 20:08:56,022 [INFO] geologger: Wiecej ni¿ jeden adres:|murow|pol|9
2017-09-03 20:09:05,043 [INFO] geologger: Wiecej ni¿ jeden adres:|murow|polna|9
2017-09-03 20:09:10,375 [ERROR] geologger: Nie znaleziono:|murow|polna|9
2017-09-03 20:15:14,497 [INFO] geologger: Wiecej ni¿ jeden adres:|poz|buko|19
2017-09-04 09:20:54,456 [INFO] geologger: Wiecej ni¿ jeden adres:|pozn|marc|1
